TN:
SF:app.js
FNF:0
FNH:0
DA:2,0
DA:3,0
DA:5,0
DA:7,0
LF:4
LH:0
BRF:0
BRH:0
end_of_record
TN:
SF:jest.config.js
FNF:0
FNH:0
DA:1,0
LF:1
LH:0
BRF:0
BRH:0
end_of_record
TN:
SF:controllers\entry-controller.js
FN:3,(anonymous_0)
FN:21,(anonymous_1)
FN:26,(anonymous_2)
FN:44,(anonymous_3)
FN:67,(anonymous_4)
FNF:5
FNH:5
FNDA:1,(anonymous_0)
FNDA:1,(anonymous_1)
FNDA:1,(anonymous_2)
FNDA:1,(anonymous_3)
FNDA:1,(anonymous_4)
DA:1,1
DA:3,1
DA:5,1
DA:7,1
DA:12,1
DA:13,1
DA:14,1
DA:16,0
DA:17,0
DA:21,1
DA:22,1
DA:23,1
DA:26,1
DA:27,1
DA:29,1
DA:31,1
DA:33,1
DA:35,0
DA:39,0
DA:40,0
DA:44,1
DA:45,1
DA:47,1
DA:49,1
DA:51,1
DA:52,1
DA:55,0
DA:57,0
DA:59,0
DA:62,0
DA:63,0
DA:67,1
DA:68,1
DA:69,1
DA:71,1
DA:73,1
DA:76,0
DA:77,0
DA:81,1
LF:39
LH:27
BRDA:33,0,0,1
BRDA:33,0,1,0
BRDA:51,1,0,1
BRDA:51,1,1,0
BRDA:55,2,0,0
BRDA:55,3,0,0
BRF:6
BRH:2
end_of_record
TN:
SF:controllers\github-controller.js
FN:3,(anonymous_0)
FNF:1
FNH:0
FNDA:0,(anonymous_0)
DA:1,0
DA:3,0
DA:5,0
DA:7,0
DA:8,0
DA:13,0
DA:15,0
DA:17,0
DA:23,0
DA:25,0
DA:33,0
LF:11
LH:0
BRDA:7,0,0,0
BRDA:7,0,1,0
BRDA:7,1,0,0
BRDA:7,1,1,0
BRF:4
BRH:0
end_of_record
TN:
SF:controllers\prueba-controller.js
FN:1,(anonymous_0)
FN:5,(anonymous_1)
FN:9,(anonymous_2)
FN:13,(anonymous_3)
FNF:4
FNH:0
FNDA:0,(anonymous_0)
FNDA:0,(anonymous_1)
FNDA:0,(anonymous_2)
FNDA:0,(anonymous_3)
DA:1,0
DA:2,0
DA:5,0
DA:6,0
DA:9,0
DA:10,0
DA:13,0
DA:14,0
DA:17,0
LF:9
LH:0
BRF:0
BRH:0
end_of_record
TN:
SF:database\config.js
FN:3,(anonymous_0)
FNF:1
FNH:0
FNDA:0,(anonymous_0)
DA:1,0
DA:3,0
DA:4,0
DA:6,0
DA:7,0
DA:9,0
DA:15,0
LF:7
LH:0
BRF:0
BRH:0
end_of_record
TN:
SF:models\entry.js
FNF:0
FNH:0
DA:1,1
DA:3,1
DA:16,1
LF:3
LH:3
BRF:0
BRH:0
end_of_record
TN:
SF:models\server.js
FN:9,(anonymous_0)
FN:30,(anonymous_1)
FN:41,(anonymous_2)
FN:47,(anonymous_3)
FN:51,(anonymous_4)
FN:52,(anonymous_5)
FNF:6
FNH:0
FNDA:0,(anonymous_0)
FNDA:0,(anonymous_1)
FNDA:0,(anonymous_2)
FNDA:0,(anonymous_3)
FNDA:0,(anonymous_4)
FNDA:0,(anonymous_5)
DA:2,0
DA:3,0
DA:4,0
DA:5,0
DA:11,0
DA:13,0
DA:15,0
DA:21,0
DA:23,0
DA:25,0
DA:32,0
DA:34,0
DA:36,0
DA:38,0
DA:42,0
DA:43,0
DA:44,0
DA:48,0
DA:52,0
DA:53,0
DA:60,0
LF:21
LH:0
BRDA:13,0,0,0
BRDA:13,0,1,0
BRF:2
BRH:0
end_of_record
TN:
SF:routes\entry-route.js
FNF:0
FNH:0
DA:1,0
DA:2,0
DA:3,0
DA:5,0
DA:7,0
DA:9,0
DA:11,0
DA:13,0
DA:17,0
LF:9
LH:0
BRF:0
BRH:0
end_of_record
TN:
SF:routes\github-route.js
FNF:0
FNH:0
DA:1,0
DA:2,0
DA:3,0
DA:5,0
DA:7,0
LF:5
LH:0
BRF:0
BRH:0
end_of_record
TN:
SF:routes\prueba-route.js
FNF:0
FNH:0
DA:1,0
DA:2,0
DA:3,0
DA:5,0
DA:7,0
DA:9,0
DA:11,0
DA:15,0
LF:8
LH:0
BRF:0
BRH:0
end_of_record
TN:
SF:services\githubModel.js
FN:4,(anonymous_0)
FNF:1
FNH:1
FNDA:4,(anonymous_0)
DA:1,1
DA:4,1
DA:6,4
DA:7,4
DA:10,4
DA:11,1
DA:15,3
DA:67,3
DA:91,3
DA:96,1
LF:10
LH:10
BRDA:6,0,0,4
BRDA:6,0,1,3
BRDA:10,1,0,1
BRDA:10,1,1,3
BRF:4
BRH:4
end_of_record
